<?xml version="1.0" encoding="UTF-8"?>
<!-- Generated by org.testng.reporters.JUnitReportReporter -->
<testsuite skipped="0" hostname="HP1" name="testng.TestNGMorning" tests="3" failures="0" timestamp="2020-05-07T18:47:32 IST" time="58.010" errors="0">
  <testcase name="verifyyahooTitlePage" time="30.949" classname="testng.TestNGMorning"/>
  <system-out/>
  <testcase name="verifyGoogleTitlePage" time="11.332" classname="testng.TestNGMorning"/>
  <system-out/>
  <testcase name="verifyicicBankTitlePage" time="15.729" classname="testng.TestNGMorning"/>
  <system-out/>
</testsuite> <!-- testng.TestNGMorning -->
