<?xml version="1.0" encoding="UTF-8"?>
<!-- Generated by org.testng.reporters.JUnitReportReporter -->
<testsuite skipped="0" hostname="HP1" name="testng.TestngDemo" tests="1" failures="0" timestamp="2020-05-07T18:45:24 IST" time="0.013" errors="0">
  <testcase name="googleTitleTest" time="0.013" classname="testng.TestngDemo"/>
  <system-out/>
</testsuite> <!-- testng.TestngDemo -->
